  CardsDriver.cpp
  Continent.cpp
C:\Users\isa20\Desktop\Card\Continent.cpp(40,20): warning C4018: '<': signed/unsigned mismatch
C:\Users\isa20\Desktop\Card\Continent.cpp(44,21): warning C4018: '<': signed/unsigned mismatch
C:\Users\isa20\Desktop\Card\Continent.cpp(56,20): warning C4018: '<': signed/unsigned mismatch
  Map.cpp
C:\Users\isa20\Desktop\Card\Map.cpp(32,20): warning C4018: '<': signed/unsigned mismatch
C:\Users\isa20\Desktop\Card\Map.cpp(89,20): warning C4018: '<': signed/unsigned mismatch
C:\Users\isa20\Desktop\Card\Map.cpp(94,21): warning C4018: '<': signed/unsigned mismatch
C:\Users\isa20\Desktop\Card\Map.cpp(140,20): warning C4018: '<': signed/unsigned mismatch
C:\Users\isa20\Desktop\Card\Map.cpp(143,23): warning C4018: '<': signed/unsigned mismatch
C:\Users\isa20\Desktop\Card\Map.cpp(165,20): warning C4018: '<': signed/unsigned mismatch
C:\Users\isa20\Desktop\Card\Map.cpp(238,20): warning C4018: '<': signed/unsigned mismatch
  MapLoader.cpp
C:\Users\isa20\Desktop\Card\MapLoader.cpp(129,26): warning C4834: discarding return value of function with 'nodiscard' attribute
C:\Users\isa20\Desktop\Card\MapLoader.cpp(310,31): warning C4018: '<': signed/unsigned mismatch
C:\Users\isa20\Desktop\Card\MapLoader.cpp(335,31): warning C4018: '<': signed/unsigned mismatch
C:\Users\isa20\Desktop\Card\MapLoader.cpp(137,42): warning C4101: 'ex': unreferenced local variable
C:\Users\isa20\Desktop\Card\MapLoader.cpp(140,39): warning C4101: 'ex': unreferenced local variable
C:\Users\isa20\Desktop\Card\MapLoader.cpp(179,42): warning C4101: 'ex': unreferenced local variable
C:\Users\isa20\Desktop\Card\MapLoader.cpp(182,39): warning C4101: 'ex': unreferenced local variable
C:\Users\isa20\Desktop\Card\MapLoader.cpp(218,42): warning C4101: 'ex': unreferenced local variable
C:\Users\isa20\Desktop\Card\MapLoader.cpp(221,39): warning C4101: 'ex': unreferenced local variable
C:\Users\isa20\Desktop\Card\MapLoader.cpp(253,42): warning C4101: 'ex': unreferenced local variable
C:\Users\isa20\Desktop\Card\MapLoader.cpp(256,39): warning C4101: 'ex': unreferenced local variable
C:\Users\isa20\Desktop\Card\MapLoader.cpp(297,42): warning C4101: 'ex': unreferenced local variable
C:\Users\isa20\Desktop\Card\MapLoader.cpp(300,39): warning C4101: 'ex': unreferenced local variable
C:\Users\isa20\Desktop\Card\MapLoader.cpp(319,46): warning C4101: 'ex': unreferenced local variable
C:\Users\isa20\Desktop\Card\MapLoader.cpp(322,43): warning C4101: 'ex': unreferenced local variable
  Orders.cpp
C:\Users\isa20\Desktop\Card\Orders.cpp(62,20): warning C4018: '<': signed/unsigned mismatch
C:\Users\isa20\Desktop\Card\Orders.cpp(112,22): warning C4244: '=': conversion from 'double' to 'int', possible loss of data
C:\Users\isa20\Desktop\Card\Orders.cpp(113,22): warning C4244: '=': conversion from 'double' to 'int', possible loss of data
C:\Users\isa20\Desktop\Card\Orders.cpp(117,16): warning C4244: 'return': conversion from 'double' to 'int', possible loss of data
  OrdersList.cpp
  Player.cpp
C:\Users\isa20\Desktop\Card\Player.cpp(91,23): warning C4018: '<': signed/unsigned mismatch
  Generating Code...
  cards.vcxproj -> C:\Users\isa20\Desktop\Card\Debug\cards.exe
